==WARNING== No metrics to collect found in sections.
==PROF== Connected to process 540622 (/home/r14921063/PPD/hw4/hw4_skeleton/main)
==PROF== Profiling "volta_sgemm_32x32_sliced1x4_nn" - 0: 0%....50%....100% - 1 pass
==PROF== Profiling "volta_sgemm_32x32_sliced1x4_nn" - 1: 0%....50%....100% - 1 pass
==PROF== Profiling "volta_sgemm_32x32_sliced1x4_nn" - 2: 0%....50%....100% - 1 pass
==PROF== Profiling "volta_sgemm_32x32_sliced1x4_nn" - 3: 0%....50%....100% - 1 pass
==PROF== Profiling "volta_sgemm_32x32_sliced1x4_nn" - 4: 0%....50%....100% - 1 pass
==PROF== Profiling "volta_sgemm_32x32_sliced1x4_nn" - 5: 0%....50%....100% - 1 pass
==PROF== Profiling "volta_sgemm_32x32_sliced1x4_nn" - 6: 0%....50%....100% - 1 pass
==PROF== Profiling "volta_sgemm_32x32_sliced1x4_nn" - 7: 0%....50%....100% - 1 pass
==PROF== Profiling "volta_sgemm_32x32_sliced1x4_nn" - 8: 0%....50%....100% - 1 pass
==PROF== Profiling "volta_sgemm_32x32_sliced1x4_nn" - 9: 0%....50%....100% - 1 pass
==PROF== Profiling "volta_sgemm_32x32_sliced1x4_nn" - 10: 0%....50%....100% - 1 pass
==PROF== Profiling "volta_sgemm_32x32_sliced1x4_nn" - 11: 0%....50%....100% - 1 pass
==PROF== Profiling "volta_sgemm_32x32_sliced1x4_nn" - 12: 0%....50%....100% - 1 pass
==PROF== Profiling "volta_sgemm_32x32_sliced1x4_nn" - 13: 0%....50%....100% - 1 pass
==PROF== Profiling "volta_sgemm_32x32_sliced1x4_nn" - 14: 0%....50%....100% - 1 pass
==PROF== Profiling "volta_sgemm_32x32_sliced1x4_nn" - 15: 0%....50%....100% - 1 pass
==PROF== Profiling "volta_sgemm_32x32_sliced1x4_nn" - 16: 0%....50%....100% - 1 pass
==PROF== Profiling "volta_sgemm_32x32_sliced1x4_nn" - 17: 0%....50%....100% - 1 pass
==PROF== Profiling "volta_sgemm_32x32_sliced1x4_nn" - 18: 0%....50%....100% - 1 pass
==PROF== Profiling "volta_sgemm_32x32_sliced1x4_nn" - 19: 0%....50%....100% - 1 pass
==PROF== Profiling "volta_sgemm_32x32_sliced1x4_nn" - 20: 0%....50%....100% - 1 pass
==PROF== Profiling "volta_sgemm_32x32_sliced1x4_nn" - 21: 0%....50%....100% - 1 pass
==PROF== Profiling "volta_sgemm_32x32_sliced1x4_nn" - 22: 0%....50%....100% - 1 pass
==PROF== Profiling "volta_sgemm_32x32_sliced1x4_nn" - 23: 0%....50%....100% - 1 pass
==PROF== Profiling "volta_sgemm_32x32_sliced1x4_nn" - 24: 0%....50%....100% - 1 pass
==PROF== Profiling "volta_sgemm_32x32_sliced1x4_nn" - 25: 0%....50%....100% - 1 pass
==PROF== Profiling "volta_sgemm_32x32_sliced1x4_nn" - 26: 0%....50%....100% - 1 pass
==PROF== Profiling "volta_sgemm_32x32_sliced1x4_nn" - 27: 0%....50%....100% - 1 pass
==PROF== Profiling "volta_sgemm_32x32_sliced1x4_nn" - 28: 0%....50%....100% - 1 pass
==PROF== Profiling "volta_sgemm_32x32_sliced1x4_nn" - 29: 0%....50%....100% - 1 pass
==PROF== Profiling "volta_sgemm_32x32_sliced1x4_nn" - 30: 0%....50%....100% - 1 pass
==PROF== Profiling "volta_sgemm_32x32_sliced1x4_nn" - 31: 0%....50%....100% - 1 pass
==PROF== Profiling "volta_sgemm_32x32_sliced1x4_nn" - 32: 0%....50%....100% - 1 pass
==PROF== Profiling "volta_sgemm_32x32_sliced1x4_nn" - 33: 0%....50%....100% - 1 pass
==PROF== Profiling "volta_sgemm_32x32_sliced1x4_nn" - 34: 0%....50%....100% - 1 pass
==PROF== Profiling "volta_sgemm_32x32_sliced1x4_nn" - 35: 0%....50%....100% - 1 pass
==PROF== Profiling "volta_sgemm_32x32_sliced1x4_nn" - 36: 0%....50%....100% - 1 pass
==PROF== Profiling "volta_sgemm_32x32_sliced1x4_nn" - 37: 0%....50%....100% - 1 pass
==PROF== Profiling "volta_sgemm_32x32_sliced1x4_nn" - 38: 0%....50%....100% - 1 pass
==PROF== Profiling "volta_sgemm_32x32_sliced1x4_nn" - 39: 0%....50%....100% - 1 pass
==PROF== Profiling "volta_sgemm_32x32_sliced1x4_nn" - 40: 0%....50%....100% - 1 pass
==PROF== Profiling "volta_sgemm_32x32_sliced1x4_nn" - 41: 0%....50%....100% - 1 pass
==PROF== Profiling "volta_sgemm_32x32_sliced1x4_nn" - 42: 0%....50%....100% - 1 pass
==PROF== Profiling "volta_sgemm_32x32_sliced1x4_nn" - 43: 0%....50%....100% - 1 pass
==PROF== Profiling "volta_sgemm_32x32_sliced1x4_nn" - 44: 0%....50%....100% - 1 pass
==PROF== Profiling "volta_sgemm_32x32_sliced1x4_nn" - 45: 0%....50%....100% - 1 pass
==PROF== Profiling "volta_sgemm_32x32_sliced1x4_nn" - 46: 0%....50%....100% - 1 pass
==PROF== Profiling "volta_sgemm_32x32_sliced1x4_nn" - 47: 0%....50%....100% - 1 pass
==PROF== Profiling "volta_sgemm_32x32_sliced1x4_nn" - 48: 0%....50%....100% - 1 pass
==PROF== Profiling "volta_sgemm_32x32_sliced1x4_nn" - 49: 0%....50%....100% - 1 pass
==PROF== Profiling "volta_sgemm_32x32_sliced1x4_nn" - 50: 0%....50%....100% - 1 pass
==PROF== Profiling "volta_sgemm_32x32_sliced1x4_nn" - 51: 0%....50%....100% - 1 pass
==PROF== Profiling "volta_sgemm_128x32_nn" - 52: 0%....50%....100% - 1 pass
==PROF== Profiling "splitKreduce_kernel" - 53: 0%....50%....100% - 1 pass
==PROF== Profiling "volta_sgemm_128x32_nn" - 54: 0%....50%....100% - 1 pass
==PROF== Profiling "splitKreduce_kernel" - 55: 0%....50%....100% - 1 pass
==PROF== Profiling "volta_sgemm_128x32_nn" - 56: 0%....50%....100% - 1 pass
==PROF== Profiling "splitKreduce_kernel" - 57: 0%....50%....100% - 1 pass
==PROF== Profiling "volta_sgemm_128x32_nn" - 58: 0%....50%....100% - 1 pass
==PROF== Profiling "splitKreduce_kernel" - 59: 0%....50%....100% - 1 pass
==PROF== Profiling "volta_sgemm_128x32_nn" - 60: 0%....50%....100% - 1 pass
==PROF== Profiling "splitKreduce_kernel" - 61: 0%....50%....100% - 1 pass
==PROF== Profiling "volta_sgemm_128x32_nn" - 62: 0%....50%....100% - 1 pass
==PROF== Profiling "splitKreduce_kernel" - 63: 0%....50%....100% - 1 pass
==PROF== Profiling "volta_sgemm_128x32_nn" - 64: 0%....50%....100% - 1 pass
==PROF== Profiling "splitKreduce_kernel" - 65: 0%....50%....100% - 1 pass
==PROF== Profiling "volta_sgemm_128x32_nn" - 66: 0%....50%....100% - 1 pass
==PROF== Profiling "splitKreduce_kernel" - 67: 0%....50%....100% - 1 pass
==PROF== Profiling "volta_sgemm_128x32_nn" - 68: 0%....50%....100% - 1 pass
==PROF== Profiling "splitKreduce_kernel" - 69: 0%....50%....100% - 1 pass
==PROF== Profiling "volta_sgemm_128x32_nn" - 70: 0%....50%....100% - 1 pass
==PROF== Profiling "splitKreduce_kernel" - 71: 0%....50%....100% - 1 pass
==PROF== Profiling "volta_sgemm_128x32_nn" - 72: 0%....50%....100% - 1 pass
==PROF== Profiling "splitKreduce_kernel" - 73: 0%....50%....100% - 1 pass
==PROF== Profiling "volta_sgemm_128x32_nn" - 74: 0%....50%....100% - 1 pass
==PROF== Profiling "splitKreduce_kernel" - 75: 0%....50%....100% - 1 pass
==PROF== Profiling "volta_sgemm_128x32_nn" - 76: 0%....50%....100% - 1 pass
==PROF== Profiling "splitKreduce_kernel" - 77: 0%....50%....100% - 1 pass
==PROF== Profiling "volta_sgemm_128x32_nn" - 78: 0%....50%....100% - 1 pass
==PROF== Profiling "splitKreduce_kernel" - 79: 0%....50%....100% - 1 pass
==PROF== Profiling "volta_sgemm_128x32_nn" - 80: 0%....50%....100% - 1 pass
==PROF== Profiling "splitKreduce_kernel" - 81: 0%....50%....100% - 1 pass
==PROF== Profiling "volta_sgemm_128x32_nn" - 82: 0%....50%....100% - 1 pass
==PROF== Profiling "splitKreduce_kernel" - 83: 0%....50%....100% - 1 pass
==PROF== Profiling "volta_sgemm_128x32_nn" - 84: 0%....50%....100% - 1 pass
==PROF== Profiling "splitKreduce_kernel" - 85: 0%....50%....100% - 1 pass
==PROF== Profiling "volta_sgemm_128x32_nn" - 86: 0%....50%....100% - 1 pass
==PROF== Profiling "splitKreduce_kernel" - 87: 0%....50%....100% - 1 pass
==PROF== Profiling "volta_sgemm_128x32_nn" - 88: 0%....50%....100% - 1 pass
==PROF== Profiling "splitKreduce_kernel" - 89: 0%....50%....100% - 1 pass
==PROF== Profiling "volta_sgemm_128x32_nn" - 90: 0%....50%....100% - 1 pass
==PROF== Profiling "splitKreduce_kernel" - 91: 0%....50%....100% - 1 pass
==PROF== Profiling "volta_sgemm_128x32_nn" - 92: 0%....50%....100% - 1 pass
==PROF== Profiling "splitKreduce_kernel" - 93: 0%....50%....100% - 1 pass
==PROF== Profiling "volta_sgemm_128x32_nn" - 94: 0%....50%....100% - 1 pass
==PROF== Profiling "splitKreduce_kernel" - 95: 0%....50%....100% - 1 pass
==PROF== Profiling "volta_sgemm_128x32_nn" - 96: 0%....50%....100% - 1 pass
==PROF== Profiling "splitKreduce_kernel" - 97: 0%....50%....100% - 1 pass
==PROF== Profiling "volta_sgemm_128x32_nn" - 98: 0%....50%....100% - 1 pass
==PROF== Profiling "splitKreduce_kernel" - 99: 0%....50%....100% - 1 pass
==PROF== Profiling "volta_sgemm_128x32_nn" - 100: 0%....50%....100% - 1 pass
==PROF== Profiling "splitKreduce_kernel" - 101: 0%....50%....100% - 1 pass
==PROF== Profiling "volta_sgemm_128x32_nn" - 102: 0%....50%....100% - 1 pass
==PROF== Profiling "splitKreduce_kernel" - 103: 0%....50%....100% - 1 pass
==PROF== Profiling "volta_sgemm_128x32_nn" - 104: 0%....50%....100% - 1 pass
==PROF== Profiling "splitKreduce_kernel" - 105: 0%....50%....100% - 1 pass
==PROF== Profiling "volta_sgemm_128x32_nn" - 106: 0%....50%....100% - 1 pass
==PROF== Profiling "splitKreduce_kernel" - 107: 0%....50%....100% - 1 pass
==PROF== Profiling "volta_sgemm_128x32_nn" - 108: 0%....50%....100% - 1 pass
==PROF== Profiling "splitKreduce_kernel" - 109: 0%....50%....100% - 1 pass
==PROF== Profiling "volta_sgemm_128x32_nn" - 110: 0%....50%....100% - 1 pass
==PROF== Profiling "splitKreduce_kernel" - 111: 0%....50%....100% - 1 pass
==PROF== Profiling "volta_sgemm_128x32_nn" - 112: 0%....50%....100% - 1 pass
==PROF== Profiling "splitKreduce_kernel" - 113: 0%....50%....100% - 1 pass
==PROF== Profiling "volta_sgemm_128x32_nn" - 114: 0%....50%....100% - 1 pass
==PROF== Profiling "splitKreduce_kernel" - 115: 0%....50%....100% - 1 pass
==PROF== Profiling "volta_sgemm_128x32_nn" - 116: 0%....50%....100% - 1 pass
==PROF== Profiling "splitKreduce_kernel" - 117: 0%....50%....100% - 1 pass
==PROF== Profiling "volta_sgemm_128x32_nn" - 118: 0%....50%....100% - 1 pass
==PROF== Profiling "splitKreduce_kernel" - 119: 0%....50%....100% - 1 pass
==PROF== Profiling "volta_sgemm_128x32_nn" - 120: 0%....50%....100% - 1 pass
==PROF== Profiling "splitKreduce_kernel" - 121: 0%....50%....100% - 1 pass
==PROF== Profiling "volta_sgemm_128x32_nn" - 122: 0%....50%....100% - 1 pass
==PROF== Profiling "splitKreduce_kernel" - 123: 0%....50%....100% - 1 pass
==PROF== Profiling "volta_sgemm_128x32_nn" - 124: 0%....50%....100% - 1 pass
==PROF== Profiling "splitKreduce_kernel" - 125: 0%....50%....100% - 1 pass
==PROF== Profiling "volta_sgemm_128x32_nn" - 126: 0%....50%....100% - 1 pass
==PROF== Profiling "splitKreduce_kernel" - 127: 0%....50%....100% - 1 pass
==PROF== Profiling "volta_sgemm_128x32_nn" - 128: 0%....50%....100% - 1 pass
==PROF== Profiling "splitKreduce_kernel" - 129: 0%....50%....100% - 1 pass
==PROF== Profiling "volta_sgemm_128x32_nn" - 130: 0%....50%....100% - 1 pass
==PROF== Profiling "splitKreduce_kernel" - 131: 0%....50%....100% - 1 pass
==PROF== Profiling "volta_sgemm_128x32_nn" - 132: 0%....50%....100% - 1 pass
==PROF== Profiling "splitKreduce_kernel" - 133: 0%....50%....100% - 1 pass
==PROF== Profiling "volta_sgemm_128x32_nn" - 134: 0%....50%....100% - 1 pass
==PROF== Profiling "splitKreduce_kernel" - 135: 0%....50%....100% - 1 pass
==PROF== Profiling "volta_sgemm_128x32_nn" - 136: 0%....50%....100% - 1 pass
==PROF== Profiling "splitKreduce_kernel" - 137: 0%....50%....100% - 1 pass
==PROF== Profiling "volta_sgemm_128x32_nn" - 138: 0%....50%....100% - 1 pass
==PROF== Profiling "splitKreduce_kernel" - 139: 0%....50%....100% - 1 pass
==PROF== Profiling "volta_sgemm_128x32_nn" - 140: 0%....50%....100% - 1 pass
==PROF== Profiling "splitKreduce_kernel" - 141: 0%....50%....100% - 1 pass
==PROF== Profiling "volta_sgemm_128x32_nn" - 142: 0%....50%....100% - 1 pass
==PROF== Profiling "splitKreduce_kernel" - 143: 0%....50%....100% - 1 pass
==PROF== Profiling "volta_sgemm_128x32_nn" - 144: 0%....50%....100% - 1 pass
==PROF== Profiling "splitKreduce_kernel" - 145: 0%....50%....100% - 1 pass
==PROF== Profiling "volta_sgemm_128x32_nn" - 146: 0%....50%....100% - 1 pass
==PROF== Profiling "splitKreduce_kernel" - 147: 0%....50%....100% - 1 pass
==PROF== Profiling "volta_sgemm_128x32_nn" - 148: 0%....50%....100% - 1 pass
==PROF== Profiling "splitKreduce_kernel" - 149: 0%....50%....100% - 1 pass
==PROF== Profiling "volta_sgemm_128x32_nn" - 150: 0%....50%....100% - 1 pass
==PROF== Profiling "splitKreduce_kernel" - 151: 0%....50%....100% - 1 pass
==PROF== Profiling "volta_sgemm_128x32_nn" - 152: 0%....50%....100% - 1 pass
==PROF== Profiling "splitKreduce_kernel" - 153: 0%....50%....100% - 1 pass
==PROF== Profiling "volta_sgemm_128x32_nn" - 154: 0%....50%....100% - 1 pass
==PROF== Profiling "splitKreduce_kernel" - 155: 0%....50%....100% - 1 pass
==PROF== Profiling "volta_sgemm_64x32_sliced1x4_nn" - 156: 0%....50%....100% - 1 pass
==PROF== Profiling "volta_sgemm_64x32_sliced1x4_nn" - 157: 0%....50%....100% - 1 pass
==PROF== Profiling "volta_sgemm_64x32_sliced1x4_nn" - 158: 0%....50%....100% - 1 pass
==PROF== Profiling "volta_sgemm_64x32_sliced1x4_nn" - 159: 0%....50%....100% - 1 pass
==PROF== Profiling "volta_sgemm_64x32_sliced1x4_nn" - 160: 0%....50%....100% - 1 pass
==PROF== Profiling "volta_sgemm_64x32_sliced1x4_nn" - 161: 0%....50%....100% - 1 pass
==PROF== Profiling "volta_sgemm_64x32_sliced1x4_nn" - 162: 0%....50%....100% - 1 pass
==PROF== Profiling "volta_sgemm_64x32_sliced1x4_nn" - 163: 0%....50%....100% - 1 pass
==PROF== Profiling "volta_sgemm_64x32_sliced1x4_nn" - 164: 0%....50%....100% - 1 pass
==PROF== Profiling "volta_sgemm_64x32_sliced1x4_nn" - 165: 0%....50%....100% - 1 pass
==PROF== Profiling "volta_sgemm_64x32_sliced1x4_nn" - 166: 0%....50%....100% - 1 pass
==PROF== Profiling "volta_sgemm_64x32_sliced1x4_nn" - 167: 0%....50%....100% - 1 pass
==PROF== Profiling "volta_sgemm_64x32_sliced1x4_nn" - 168: 0%....50%....100% - 1 pass
==PROF== Profiling "volta_sgemm_64x32_sliced1x4_nn" - 169: 0%....50%....100% - 1 pass
==PROF== Profiling "volta_sgemm_64x32_sliced1x4_nn" - 170: 0%....50%....100% - 1 pass
==PROF== Profiling "volta_sgemm_64x32_sliced1x4_nn" - 171: 0%....50%....100% - 1 pass
==PROF== Profiling "volta_sgemm_64x32_sliced1x4_nn" - 172: 0%....50%....100% - 1 pass
==PROF== Profiling "volta_sgemm_64x32_sliced1x4_nn" - 173: 0%....50%....100% - 1 pass
==PROF== Profiling "volta_sgemm_64x32_sliced1x4_nn" - 174: 0%....50%....100% - 1 pass
==PROF== Profiling "volta_sgemm_64x32_sliced1x4_nn" - 175: 0%....50%....100% - 1 pass
==PROF== Profiling "volta_sgemm_64x32_sliced1x4_nn" - 176: 0%....50%....100% - 1 pass
==PROF== Profiling "volta_sgemm_64x32_sliced1x4_nn" - 177: 0%....50%....100% - 1 pass
==PROF== Profiling "volta_sgemm_64x32_sliced1x4_nn" - 178: 0%....50%....100% - 1 pass
==PROF== Profiling "volta_sgemm_64x32_sliced1x4_nn" - 179: 0%....50%....100% - 1 pass
==PROF== Profiling "volta_sgemm_64x32_sliced1x4_nn" - 180: 0%....50%....100% - 1 pass
==PROF== Profiling "volta_sgemm_64x32_sliced1x4_nn" - 181: 0%....50%....100% - 1 pass
==PROF== Profiling "volta_sgemm_64x32_sliced1x4_nn" - 182: 0%....50%....100% - 1 pass
==PROF== Profiling "volta_sgemm_64x32_sliced1x4_nn" - 183: 0%....50%....100% - 1 pass
==PROF== Profiling "volta_sgemm_64x32_sliced1x4_nn" - 184: 0%....50%....100% - 1 pass
==PROF== Profiling "volta_sgemm_64x32_sliced1x4_nn" - 185: 0%....50%....100% - 1 pass
==PROF== Profiling "volta_sgemm_64x32_sliced1x4_nn" - 186: 0%....50%....100% - 1 pass
==PROF== Profiling "volta_sgemm_64x32_sliced1x4_nn" - 187: 0%....50%....100% - 1 pass
==PROF== Profiling "volta_sgemm_64x32_sliced1x4_nn" - 188: 0%....50%....100% - 1 pass
==PROF== Profiling "volta_sgemm_64x32_sliced1x4_nn" - 189: 0%....50%....100% - 1 pass
==PROF== Profiling "volta_sgemm_64x32_sliced1x4_nn" - 190: 0%....50%....100% - 1 pass
==PROF== Profiling "volta_sgemm_64x32_sliced1x4_nn" - 191: 0%....50%....100% - 1 pass
==PROF== Profiling "volta_sgemm_64x32_sliced1x4_nn" - 192: 0%....50%....100% - 1 pass
==PROF== Profiling "volta_sgemm_64x32_sliced1x4_nn" - 193: 0%....50%....100% - 1 pass
==PROF== Profiling "volta_sgemm_64x32_sliced1x4_nn" - 194: 0%....50%....100% - 1 pass
==PROF== Profiling "volta_sgemm_64x32_sliced1x4_nn" - 195: 0%....50%....100% - 1 pass
==PROF== Profiling "volta_sgemm_64x32_sliced1x4_nn" - 196: 0%....50%....100% - 1 pass
==PROF== Profiling "volta_sgemm_64x32_sliced1x4_nn" - 197: 0%....50%....100% - 1 pass
==PROF== Profiling "volta_sgemm_64x32_sliced1x4_nn" - 198: 0%....50%....100% - 1 pass
==PROF== Profiling "volta_sgemm_64x32_sliced1x4_nn" - 199: 0%....50%....100% - 1 pass
==PROF== Profiling "volta_sgemm_64x32_sliced1x4_nn" - 200: 0%....50%....100% - 1 pass
==PROF== Profiling "volta_sgemm_64x32_sliced1x4_nn" - 201: 0%....50%....100% - 1 pass
==PROF== Profiling "volta_sgemm_64x32_sliced1x4_nn" - 202: 0%....50%....100% - 1 pass
==PROF== Profiling "volta_sgemm_64x32_sliced1x4_nn" - 203: 0%....50%....100% - 1 pass
==PROF== Profiling "volta_sgemm_64x32_sliced1x4_nn" - 204: 0%....50%....100% - 1 pass
==PROF== Profiling "volta_sgemm_64x32_sliced1x4_nn" - 205: 0%....50%....100% - 1 pass
==PROF== Profiling "volta_sgemm_64x32_sliced1x4_nn" - 206: 0%....50%....100% - 1 pass
==PROF== Profiling "volta_sgemm_64x32_sliced1x4_nn" - 207: 0%....50%....100% - 1 pass
==PROF== Profiling "volta_sgemm_32x128_nn" - 208: 0%....50%....100% - 1 pass
==PROF== Profiling "volta_sgemm_32x128_nn" - 209: 0%....50%....100% - 1 pass
==PROF== Profiling "volta_sgemm_32x128_nn" - 210: 0%....50%....100% - 1 pass
==PROF== Profiling "volta_sgemm_32x128_nn" - 211: 0%....50%....100% - 1 pass
==PROF== Profiling "volta_sgemm_32x128_nn" - 212: 0%....50%....100% - 1 pass
==PROF== Profiling "volta_sgemm_32x128_nn" - 213: 0%....50%....100% - 1 pass
==PROF== Profiling "volta_sgemm_32x128_nn" - 214: 0%....50%....100% - 1 pass
==PROF== Profiling "volta_sgemm_32x128_nn" - 215: 0%....50%....100% - 1 pass
==PROF== Profiling "volta_sgemm_32x128_nn" - 216: 0%....50%....100% - 1 pass
==PROF== Profiling "volta_sgemm_32x128_nn" - 217: 0%....50%....100% - 1 pass
==PROF== Profiling "volta_sgemm_32x128_nn" - 218: 0%....50%....100% - 1 pass
==PROF== Profiling "volta_sgemm_32x128_nn" - 219: 0%....50%....100% - 1 pass
==PROF== Profiling "volta_sgemm_32x128_nn" - 220: 0%....50%....100% - 1 pass
==PROF== Profiling "volta_sgemm_32x128_nn" - 221: 0%....50%....100% - 1 pass
==PROF== Profiling "volta_sgemm_32x128_nn" - 222: 0%....50%....100% - 1 pass
==PROF== Profiling "volta_sgemm_32x128_nn" - 223: 0%....50%....100% - 1 pass
==PROF== Profiling "volta_sgemm_32x128_nn" - 224: 0%....50%....100% - 1 pass
==PROF== Profiling "volta_sgemm_32x128_nn" - 225: 0%....50%....100% - 1 pass
==PROF== Profiling "volta_sgemm_32x128_nn" - 226: 0%....50%....100% - 1 pass
==PROF== Profiling "volta_sgemm_32x128_nn" - 227: 0%....50%....100% - 1 pass
==PROF== Profiling "volta_sgemm_32x128_nn" - 228: 0%....50%....100% - 1 pass
==PROF== Profiling "volta_sgemm_32x128_nn" - 229: 0%....50%....100% - 1 pass
==PROF== Profiling "volta_sgemm_32x128_nn" - 230: 0%....50%....100% - 1 pass
==PROF== Profiling "volta_sgemm_32x128_nn" - 231: 0%....50%....100% - 1 pass
==PROF== Profiling "volta_sgemm_32x128_nn" - 232: 0%....50%....100% - 1 pass
==PROF== Profiling "volta_sgemm_32x128_nn" - 233: 0%....50%....100% - 1 pass
==PROF== Profiling "volta_sgemm_32x128_nn" - 234: 0%....50%....100% - 1 pass
==PROF== Profiling "volta_sgemm_32x128_nn" - 235: 0%....50%....100% - 1 pass
==PROF== Profiling "volta_sgemm_32x128_nn" - 236: 0%....50%....100% - 1 pass
==PROF== Profiling "volta_sgemm_32x128_nn" - 237: 0%....50%....100% - 1 pass
==PROF== Profiling "volta_sgemm_32x128_nn" - 238: 0%....50%....100% - 1 pass
==PROF== Profiling "volta_sgemm_32x128_nn" - 239: 0%....50%....100% - 1 pass
==PROF== Profiling "volta_sgemm_32x128_nn" - 240: 0%....50%....100% - 1 pass
==PROF== Profiling "volta_sgemm_32x128_nn" - 241: 0%....50%....100% - 1 pass
==PROF== Profiling "volta_sgemm_32x128_nn" - 242: 0%....50%....100% - 1 pass
==PROF== Profiling "volta_sgemm_32x128_nn" - 243: 0%....50%....100% - 1 pass
==PROF== Profiling "volta_sgemm_32x128_nn" - 244: 0%....50%....100% - 1 pass
==PROF== Profiling "volta_sgemm_32x128_nn" - 245: 0%....50%....100% - 1 pass
==PROF== Profiling "volta_sgemm_32x128_nn" - 246: 0%....50%....100% - 1 pass
==PROF== Profiling "volta_sgemm_32x128_nn" - 247: 0%....50%....100% - 1 pass
==PROF== Profiling "volta_sgemm_32x128_nn" - 248: 0%....50%....100% - 1 pass
==PROF== Profiling "volta_sgemm_32x128_nn" - 249: 0%....50%....100% - 1 pass
==PROF== Profiling "volta_sgemm_32x128_nn" - 250: 0%....50%....100% - 1 pass
==PROF== Profiling "volta_sgemm_32x128_nn" - 251: 0%....50%....100% - 1 pass
==PROF== Profiling "volta_sgemm_32x128_nn" - 252: 0%....50%....100% - 1 pass
==PROF== Profiling "volta_sgemm_32x128_nn" - 253: 0%....50%....100% - 1 pass
==PROF== Profiling "volta_sgemm_32x128_nn" - 254: 0%....50%....100% - 1 pass
==PROF== Profiling "volta_sgemm_32x128_nn" - 255: 0%....50%....100% - 1 pass
==PROF== Profiling "volta_sgemm_32x128_nn" - 256: 0%....50%....100% - 1 pass
==PROF== Profiling "volta_sgemm_32x128_nn" - 257: 0%....50%....100% - 1 pass
==PROF== Profiling "volta_sgemm_32x128_nn" - 258: 0%....50%....100% - 1 pass
==PROF== Profiling "volta_sgemm_32x128_nn" - 259: 0%....50%....100% - 1 pass
==PROF== Profiling "volta_sgemm_128x128_nn" - 260: 0%....50%....100% - 1 pass
==PROF== Profiling "volta_sgemm_128x128_nn" - 261: 0%....50%....100% - 1 pass
==PROF== Profiling "volta_sgemm_128x128_nn" - 262: 0%....50%....100% - 1 pass
==PROF== Profiling "volta_sgemm_128x128_nn" - 263: 0%....50%....100% - 1 pass
==PROF== Profiling "volta_sgemm_128x128_nn" - 264: 0%....50%....100% - 1 pass
==PROF== Profiling "volta_sgemm_128x128_nn" - 265: 0%....50%....100% - 1 pass
==PROF== Profiling "volta_sgemm_128x128_nn" - 266: 0%....50%....100% - 1 pass
==PROF== Profiling "volta_sgemm_128x128_nn" - 267: 0%....50%....100% - 1 pass
==PROF== Profiling "volta_sgemm_128x128_nn" - 268: 0%....50%....100% - 1 pass
==PROF== Profiling "volta_sgemm_128x128_nn" - 269: 0%....50%....100% - 1 pass
==PROF== Profiling "volta_sgemm_128x128_nn" - 270: 0%....50%....100% - 1 pass
==PROF== Profiling "volta_sgemm_128x128_nn" - 271: 0%....50%....100% - 1 pass
==PROF== Profiling "volta_sgemm_128x128_nn" - 272: 0%....50%....100% - 1 pass
==PROF== Profiling "volta_sgemm_128x128_nn" - 273: 0%....50%....100% - 1 pass
==PROF== Profiling "volta_sgemm_128x128_nn" - 274: 0%....50%....100% - 1 pass
==PROF== Profiling "volta_sgemm_128x128_nn" - 275: 0%....50%....100% - 1 pass
==PROF== Profiling "volta_sgemm_128x128_nn" - 276: 0%....50%....100% - 1 pass
==PROF== Profiling "volta_sgemm_128x128_nn" - 277: 0%....50%....100% - 1 pass
==PROF== Profiling "volta_sgemm_128x128_nn" - 278: 0%....50%....100% - 1 pass
==PROF== Profiling "volta_sgemm_128x128_nn" - 279: 0%....50%....100% - 1 pass
==PROF== Profiling "volta_sgemm_128x128_nn" - 280: 0%....50%....100% - 1 pass
==PROF== Profiling "volta_sgemm_128x128_nn" - 281: 0%....50%....100% - 1 pass
==PROF== Profiling "volta_sgemm_128x128_nn" - 282: 0%....50%....100% - 1 pass
==PROF== Profiling "volta_sgemm_128x128_nn" - 283: 0%....50%....100% - 1 pass
==PROF== Profiling "volta_sgemm_128x128_nn" - 284: 0%....50%....100% - 1 pass
==PROF== Profiling "volta_sgemm_128x128_nn" - 285: 0%....50%....100% - 1 pass
==PROF== Profiling "volta_sgemm_128x128_nn" - 286: 0%....50%....100% - 1 pass
==PROF== Profiling "volta_sgemm_128x128_nn" - 287: 0%....50%....100% - 1 pass
==PROF== Profiling "volta_sgemm_128x128_nn" - 288: 0%....50%....100% - 1 pass
==PROF== Profiling "volta_sgemm_128x128_nn" - 289: 0%....50%....100% - 1 pass
==PROF== Profiling "volta_sgemm_128x128_nn" - 290: 0%....50%....100% - 1 pass
==PROF== Profiling "volta_sgemm_128x128_nn" - 291: 0%....50%....100% - 1 pass
==PROF== Profiling "volta_sgemm_128x128_nn" - 292: 0%....50%....100% - 1 pass
==PROF== Profiling "volta_sgemm_128x128_nn" - 293: 0%....50%....100% - 1 pass
==PROF== Profiling "volta_sgemm_128x128_nn" - 294: 0%....50%....100% - 1 pass
==PROF== Profiling "volta_sgemm_128x128_nn" - 295: 0%....50%....100% - 1 pass
==PROF== Profiling "volta_sgemm_128x128_nn" - 296: 0%....50%....100% - 1 pass
==PROF== Profiling "volta_sgemm_128x128_nn" - 297: 0%....50%....100% - 1 pass
==PROF== Profiling "volta_sgemm_128x128_nn" - 298: 0%....50%....100% - 1 pass
==PROF== Profiling "volta_sgemm_128x128_nn" - 299: 0%....50%....100% - 1 pass
==PROF== Profiling "volta_sgemm_128x128_nn" - 300: 0%....50%....100% - 1 pass
==PROF== Profiling "volta_sgemm_128x128_nn" - 301: 0%....50%....100% - 1 pass
==PROF== Profiling "volta_sgemm_128x128_nn" - 302: 0%....50%....100% - 1 pass
==PROF== Profiling "volta_sgemm_128x128_nn" - 303: 0%....50%....100% - 1 pass
==PROF== Profiling "volta_sgemm_128x128_nn" - 304: 0%....50%....100% - 1 pass
==PROF== Profiling "volta_sgemm_128x128_nn" - 305: 0%....50%....100% - 1 pass
==PROF== Profiling "volta_sgemm_128x128_nn" - 306: 0%....50%....100% - 1 pass
==PROF== Profiling "volta_sgemm_128x128_nn" - 307: 0%....50%....100% - 1 pass
==PROF== Profiling "volta_sgemm_128x128_nn" - 308: 0%....50%....100% - 1 pass
==PROF== Profiling "volta_sgemm_128x128_nn" - 309: 0%....50%....100% - 1 pass
==PROF== Profiling "volta_sgemm_128x128_nn" - 310: 0%....50%....100% - 1 pass
==PROF== Profiling "volta_sgemm_128x128_nn" - 311: 0%....50%....100% - 1 pass
==PROF== Profiling "volta_sgemm_128x32_sliced1x4_nn" - 312: 0%....50%....100% - 1 pass
==PROF== Profiling "volta_sgemm_128x32_sliced1x4_nn" - 313: 0%....50%....100% - 1 pass
==PROF== Profiling "volta_sgemm_128x32_sliced1x4_nn" - 314: 0%....50%....100% - 1 pass
==PROF== Profiling "volta_sgemm_128x32_sliced1x4_nn" - 315: 0%....50%....100% - 1 pass
==PROF== Profiling "volta_sgemm_128x32_sliced1x4_nn" - 316: 0%....50%....100% - 1 pass
==PROF== Profiling "volta_sgemm_128x32_sliced1x4_nn" - 317: 0%....50%....100% - 1 pass
==PROF== Profiling "volta_sgemm_128x32_sliced1x4_nn" - 318: 0%....50%....100% - 1 pass
==PROF== Profiling "volta_sgemm_128x32_sliced1x4_nn" - 319: 0%....50%....100% - 1 pass
==PROF== Profiling "volta_sgemm_128x32_sliced1x4_nn" - 320: 0%....50%....100% - 1 pass
==PROF== Profiling "volta_sgemm_128x32_sliced1x4_nn" - 321: 0%....50%....100% - 1 pass
==PROF== Profiling "volta_sgemm_128x32_sliced1x4_nn" - 322: 0%....50%....100% - 1 pass
==PROF== Profiling "volta_sgemm_128x32_sliced1x4_nn" - 323: 0%....50%....100% - 1 pass
==PROF== Profiling "volta_sgemm_128x32_sliced1x4_nn" - 324: 0%....50%....100% - 1 pass
==PROF== Profiling "volta_sgemm_128x32_sliced1x4_nn" - 325: 0%....50%....100% - 1 pass
==PROF== Profiling "volta_sgemm_128x32_sliced1x4_nn" - 326: 0%....50%....100% - 1 pass
==PROF== Profiling "volta_sgemm_128x32_sliced1x4_nn" - 327: 0%....50%....100% - 1 pass
==PROF== Profiling "volta_sgemm_128x32_sliced1x4_nn" - 328: 0%....50%....100% - 1 pass
==PROF== Profiling "volta_sgemm_128x32_sliced1x4_nn" - 329: 0%....50%....100% - 1 pass
==PROF== Profiling "volta_sgemm_128x32_sliced1x4_nn" - 330: 0%....50%....100% - 1 pass
==PROF== Profiling "volta_sgemm_128x32_sliced1x4_nn" - 331: 0%....50%....100% - 1 pass
==PROF== Profiling "volta_sgemm_128x32_sliced1x4_nn" - 332: 0%....50%....100% - 1 pass
==PROF== Profiling "volta_sgemm_128x32_sliced1x4_nn" - 333: 0%....50%....100% - 1 pass
==PROF== Profiling "volta_sgemm_128x32_sliced1x4_nn" - 334: 0%....50%....100% - 1 pass
==PROF== Profiling "volta_sgemm_128x32_sliced1x4_nn" - 335: 0%....50%....100% - 1 pass
==PROF== Profiling "volta_sgemm_128x32_sliced1x4_nn" - 336: 0%....50%....100% - 1 pass
==PROF== Profiling "volta_sgemm_128x32_sliced1x4_nn" - 337: 0%....50%....100% - 1 pass
==PROF== Profiling "volta_sgemm_128x32_sliced1x4_nn" - 338: 0%....50%....100% - 1 pass
==PROF== Profiling "volta_sgemm_128x32_sliced1x4_nn" - 339: 0%....50%....100% - 1 pass
==PROF== Profiling "volta_sgemm_128x32_sliced1x4_nn" - 340: 0%....50%....100% - 1 pass
==PROF== Profiling "volta_sgemm_128x32_sliced1x4_nn" - 341: 0%....50%....100% - 1 pass
==PROF== Profiling "volta_sgemm_128x32_sliced1x4_nn" - 342: 0%....50%....100% - 1 pass
==PROF== Profiling "volta_sgemm_128x32_sliced1x4_nn" - 343: 0%....50%....100% - 1 pass
==PROF== Profiling "volta_sgemm_128x32_sliced1x4_nn" - 344: 0%....50%....100% - 1 pass
==PROF== Profiling "volta_sgemm_128x32_sliced1x4_nn" - 345: 0%....50%....100% - 1 pass
==PROF== Profiling "volta_sgemm_128x32_sliced1x4_nn" - 346: 0%....50%....100% - 1 pass
==PROF== Profiling "volta_sgemm_128x32_sliced1x4_nn" - 347: 0%....50%....100% - 1 pass
==PROF== Profiling "volta_sgemm_128x32_sliced1x4_nn" - 348: 0%....50%....100% - 1 pass
==PROF== Profiling "volta_sgemm_128x32_sliced1x4_nn" - 349: 0%....50%....100% - 1 pass
==PROF== Profiling "volta_sgemm_128x32_sliced1x4_nn" - 350: 0%....50%....100% - 1 pass
==PROF== Profiling "volta_sgemm_128x32_sliced1x4_nn" - 351: 0%....50%....100% - 1 pass
==PROF== Profiling "volta_sgemm_128x32_sliced1x4_nn" - 352: 0%....50%....100% - 1 pass
==PROF== Profiling "volta_sgemm_128x32_sliced1x4_nn" - 353: 0%....50%....100% - 1 pass
==PROF== Profiling "volta_sgemm_128x32_sliced1x4_nn" - 354: 0%....50%....100% - 1 pass
==PROF== Profiling "volta_sgemm_128x32_sliced1x4_nn" - 355: 0%....50%....100% - 1 pass
==PROF== Profiling "volta_sgemm_128x32_sliced1x4_nn" - 356: 0%....50%....100% - 1 pass
==PROF== Profiling "volta_sgemm_128x32_sliced1x4_nn" - 357: 0%....50%....100% - 1 pass
==PROF== Profiling "volta_sgemm_128x32_sliced1x4_nn" - 358: 0%....50%....100% - 1 pass
==PROF== Profiling "volta_sgemm_128x32_sliced1x4_nn" - 359: 0%....50%....100% - 1 pass
==PROF== Profiling "volta_sgemm_128x32_sliced1x4_nn" - 360: 0%....50%....100% - 1 pass
==PROF== Profiling "volta_sgemm_128x32_sliced1x4_nn" - 361: 0%....50%....100% - 1 pass
==PROF== Profiling "volta_sgemm_128x32_sliced1x4_nn" - 362: 0%....50%....100% - 1 pass
==PROF== Profiling "volta_sgemm_128x32_sliced1x4_nn" - 363: 0%....50%....100% - 1 pass
==PROF== Disconnected from process 540622
==PROF== Report: /home/r14921063/PPD/hw4/hw4_skeleton/ncu_cublas_speed_of_light.ncu-rep
